Arguments: 
  /home/ohgodwhy/.nvm/versions/node/v18.17.1/bin/node /mnt/c/Users/Ohgodwhy/AppData/Roaming/npm/node_modules/yarn/bin/yarn.js init

PATH: 
  /home/ohgodwhy/.vscode-server/bin/abd2f3db4bdb28f9e95536dfa84d8479f1eb312d/bin/remote-cli:/home/ohgodwhy/.nvm/versions/node/v18.17.1/bin:/home/ohgodwhy/.cargo/bin:/usr/local/sbin:/usr/local/bin:/usr/sbin:/usr/bin:/sbin:/bin:/usr/games:/usr/local/games:/usr/lib/wsl/lib:/mnt/c/Program Files/Microsoft/jdk-11.0.16.101-hotspot/bin:/mnt/c/Program Files/Common Files/Oracle/Java/javapath:/mnt/c/Program Files (x86)/Common Files/Oracle/Java/javapath:/mnt/c/Program Files/Eclipse Adoptium/jdk-17.0.3.7-hotspot/bin:/mnt/c/Windows/system32:/mnt/c/Windows:/mnt/c/Windows/System32/Wbem:/mnt/c/Windows/System32/WindowsPowerShell/v1.0/:/mnt/c/Windows/System32/OpenSSH/:/mnt/c/Program Files (x86)/NVIDIA Corporation/PhysX/Common:/mnt/c/Program Files/NVIDIA Corporation/NVIDIA NvDLISR:/mnt/c/Program Files/Git/cmd:/mnt/c/Program Files/dotnet/:/mnt/c/Program Files/Microsoft SQL Server/150/Tools/Binn/:/mnt/c/Program Files (x86)/Common Files/Acronis/VirtualFile/:/mnt/c/Program Files (x86)/Common Files/Acronis/VirtualFile64/:/mnt/c/Program Files (x86)/Common Files/Acronis/FileProtector/:/mnt/c/Program Files (x86)/Common Files/Acronis/FileProtector64/:/mnt/c/Program Files (x86)/Common Files/Acronis/SnapAPI/:/mnt/c/Program Files/nodejs/:/Docker/host/bin:/mnt/c/Users/Ohgodwhy/AppData/Local/Microsoft/WindowsApps:/mnt/c/Users/Ohgodwhy/AppData/Local/Programs/Microsoft VS Code/bin:/mnt/c/Users/Ohgodwhy/.dotnet/tools:/mnt/c/Users/Ohgodwhy/AppData/Roaming/npm

Yarn version: 
  1.22.19

Node version: 
  18.17.1

Platform: 
  linux x64

Trace: 
  Error: canceled
      at Interface.<anonymous> (/mnt/c/Users/Ohgodwhy/AppData/Roaming/npm/node_modules/yarn/lib/cli.js:137150:13)
      at Interface.emit (node:events:514:28)
      at [_ttyWrite] [as _ttyWrite] (node:internal/readline/interface:1131:18)
      at ReadStream.onkeypress (node:internal/readline/interface:270:20)
      at ReadStream.emit (node:events:514:28)
      at emitKeys (node:internal/readline/utils:357:14)
      at emitKeys.next (<anonymous>)
      at ReadStream.onData (node:internal/readline/emitKeypressEvents:64:36)
      at ReadStream.emit (node:events:514:28)
      at addChunk (node:internal/streams/readable:324:12)

npm manifest: 
  No manifest

yarn manifest: 
  No manifest

Lockfile: 
  No lockfile
